2024-03-05 09:16:03,497 - INFO - Validation Started
2024-03-05 09:16:03,497 - INFO - Validation Completed
2024-03-05 09:16:03,497 - INFO - Encryption Started
2024-03-05 09:16:03,497 - INFO - Encryption Completed
2024-03-05 09:22:36,659 - INFO - Validation Started
2024-03-05 09:22:36,659 - INFO - Validation Completed
2024-03-05 09:22:36,659 - INFO - Encryption Started
2024-03-05 09:22:36,659 - INFO - Encryption Completed
2024-03-05 09:22:36,659 - DEBUG - Changing event name from creating-client-class.iot-data to creating-client-class.iot-data-plane
2024-03-05 09:22:36,661 - DEBUG - Changing event name from before-call.apigateway to before-call.api-gateway
2024-03-05 09:22:36,662 - DEBUG - Changing event name from request-created.machinelearning.Predict to request-created.machine-learning.Predict
2024-03-05 09:22:36,663 - DEBUG - Changing event name from before-parameter-build.autoscaling.CreateLaunchConfiguration to before-parameter-build.auto-scaling.CreateLaunchConfiguration
2024-03-05 09:22:36,663 - DEBUG - Changing event name from before-parameter-build.route53 to before-parameter-build.route-53
2024-03-05 09:22:36,663 - DEBUG - Changing event name from request-created.cloudsearchdomain.Search to request-created.cloudsearch-domain.Search
2024-03-05 09:22:36,664 - DEBUG - Changing event name from docs.*.autoscaling.CreateLaunchConfiguration.complete-section to docs.*.auto-scaling.CreateLaunchConfiguration.complete-section
2024-03-05 09:22:36,666 - DEBUG - Changing event name from before-parameter-build.logs.CreateExportTask to before-parameter-build.cloudwatch-logs.CreateExportTask
2024-03-05 09:22:36,666 - DEBUG - Changing event name from docs.*.logs.CreateExportTask.complete-section to docs.*.cloudwatch-logs.CreateExportTask.complete-section
2024-03-05 09:22:36,666 - DEBUG - Changing event name from before-parameter-build.cloudsearchdomain.Search to before-parameter-build.cloudsearch-domain.Search
2024-03-05 09:22:36,666 - DEBUG - Changing event name from docs.*.cloudsearchdomain.Search.complete-section to docs.*.cloudsearch-domain.Search.complete-section
2024-03-05 09:22:36,742 - DEBUG - IMDS ENDPOINT: http://169.254.169.254/
2024-03-05 09:22:36,743 - DEBUG - Looking for credentials via: env
2024-03-05 09:22:36,743 - DEBUG - Looking for credentials via: assume-role
2024-03-05 09:22:36,743 - DEBUG - Looking for credentials via: assume-role-with-web-identity
2024-03-05 09:22:36,743 - DEBUG - Looking for credentials via: sso
2024-03-05 09:22:36,743 - DEBUG - Looking for credentials via: shared-credentials-file
2024-03-05 09:22:36,743 - INFO - Found credentials in shared credentials file: ~/.aws/credentials
2024-03-05 09:22:36,743 - DEBUG - Loading JSON file: G:\Src\Python\ECS\venv\Lib\site-packages\botocore\data\endpoints.json
2024-03-05 09:22:36,755 - DEBUG - Loading JSON file: G:\Src\Python\ECS\venv\Lib\site-packages\botocore\data\sdk-default-configuration.json
2024-03-05 09:22:36,755 - DEBUG - Event choose-service-name: calling handler <function handle_service_name_alias at 0x0000026A6F9659E0>
2024-03-05 09:22:36,787 - DEBUG - Loading JSON file: G:\Src\Python\ECS\venv\Lib\site-packages\botocore\data\dynamodb\2012-08-10\service-2.json.gz
2024-03-05 09:22:36,821 - DEBUG - Loading JSON file: G:\Src\Python\ECS\venv\Lib\site-packages\botocore\data\dynamodb\2012-08-10\endpoint-rule-set-1.json.gz
2024-03-05 09:22:36,822 - DEBUG - Loading JSON file: G:\Src\Python\ECS\venv\Lib\site-packages\botocore\data\partitions.json
2024-03-05 09:22:36,822 - DEBUG - Event creating-client-class.dynamodb: calling handler <function add_generate_presigned_url at 0x0000026A6F893CE0>
2024-03-05 09:22:36,823 - DEBUG - Looking for endpoint for dynamodb via: environment_service
2024-03-05 09:22:36,823 - DEBUG - Looking for endpoint for dynamodb via: environment_global
2024-03-05 09:22:36,823 - DEBUG - Looking for endpoint for dynamodb via: config_service
2024-03-05 09:22:36,823 - DEBUG - Looking for endpoint for dynamodb via: config_global
2024-03-05 09:22:36,823 - DEBUG - No configured endpoint found.
2024-03-05 09:22:36,827 - DEBUG - Setting dynamodb timeout as (60, 60)
2024-03-05 09:22:36,828 - DEBUG - Loading JSON file: G:\Src\Python\ECS\venv\Lib\site-packages\botocore\data\_retry.json
2024-03-05 09:22:36,828 - DEBUG - Registering retry handlers for service: dynamodb
2024-03-05 09:26:43,766 - INFO - Validation Started
2024-03-05 09:26:43,766 - INFO - Validation Completed
2024-03-05 09:26:43,766 - INFO - Encryption Started
2024-03-05 09:26:43,766 - INFO - Encryption Completed
2024-03-05 09:26:43,767 - DEBUG - Changing event name from creating-client-class.iot-data to creating-client-class.iot-data-plane
2024-03-05 09:26:43,768 - DEBUG - Changing event name from before-call.apigateway to before-call.api-gateway
2024-03-05 09:26:43,769 - DEBUG - Changing event name from request-created.machinelearning.Predict to request-created.machine-learning.Predict
2024-03-05 09:26:43,770 - DEBUG - Changing event name from before-parameter-build.autoscaling.CreateLaunchConfiguration to before-parameter-build.auto-scaling.CreateLaunchConfiguration
2024-03-05 09:26:43,770 - DEBUG - Changing event name from before-parameter-build.route53 to before-parameter-build.route-53
2024-03-05 09:26:43,771 - DEBUG - Changing event name from request-created.cloudsearchdomain.Search to request-created.cloudsearch-domain.Search
2024-03-05 09:26:43,772 - DEBUG - Changing event name from docs.*.autoscaling.CreateLaunchConfiguration.complete-section to docs.*.auto-scaling.CreateLaunchConfiguration.complete-section
2024-03-05 09:26:43,773 - DEBUG - Changing event name from before-parameter-build.logs.CreateExportTask to before-parameter-build.cloudwatch-logs.CreateExportTask
2024-03-05 09:26:43,774 - DEBUG - Changing event name from docs.*.logs.CreateExportTask.complete-section to docs.*.cloudwatch-logs.CreateExportTask.complete-section
2024-03-05 09:26:43,774 - DEBUG - Changing event name from before-parameter-build.cloudsearchdomain.Search to before-parameter-build.cloudsearch-domain.Search
2024-03-05 09:26:43,774 - DEBUG - Changing event name from docs.*.cloudsearchdomain.Search.complete-section to docs.*.cloudsearch-domain.Search.complete-section
2024-03-05 09:26:43,838 - DEBUG - IMDS ENDPOINT: http://169.254.169.254/
2024-03-05 09:26:43,840 - DEBUG - Looking for credentials via: env
2024-03-05 09:26:43,840 - DEBUG - Looking for credentials via: assume-role
2024-03-05 09:26:43,840 - DEBUG - Looking for credentials via: assume-role-with-web-identity
2024-03-05 09:26:43,840 - DEBUG - Looking for credentials via: sso
2024-03-05 09:26:43,840 - DEBUG - Looking for credentials via: shared-credentials-file
2024-03-05 09:26:43,840 - INFO - Found credentials in shared credentials file: ~/.aws/credentials
2024-03-05 09:26:43,841 - DEBUG - Loading JSON file: G:\Src\Python\ECS\venv\Lib\site-packages\botocore\data\endpoints.json
2024-03-05 09:26:43,853 - DEBUG - Loading JSON file: G:\Src\Python\ECS\venv\Lib\site-packages\botocore\data\sdk-default-configuration.json
2024-03-05 09:26:43,853 - DEBUG - Event choose-service-name: calling handler <function handle_service_name_alias at 0x00000213893559E0>
2024-03-05 09:26:43,884 - DEBUG - Loading JSON file: G:\Src\Python\ECS\venv\Lib\site-packages\botocore\data\dynamodb\2012-08-10\service-2.json.gz
2024-03-05 09:26:43,916 - DEBUG - Loading JSON file: G:\Src\Python\ECS\venv\Lib\site-packages\botocore\data\dynamodb\2012-08-10\endpoint-rule-set-1.json.gz
2024-03-05 09:26:43,917 - DEBUG - Loading JSON file: G:\Src\Python\ECS\venv\Lib\site-packages\botocore\data\partitions.json
2024-03-05 09:26:43,918 - DEBUG - Event creating-client-class.dynamodb: calling handler <function add_generate_presigned_url at 0x0000021389283CE0>
2024-03-05 09:26:43,918 - DEBUG - Looking for endpoint for dynamodb via: environment_service
2024-03-05 09:26:43,918 - DEBUG - Looking for endpoint for dynamodb via: environment_global
2024-03-05 09:26:43,918 - DEBUG - Looking for endpoint for dynamodb via: config_service
2024-03-05 09:26:43,918 - DEBUG - Looking for endpoint for dynamodb via: config_global
2024-03-05 09:26:43,918 - DEBUG - No configured endpoint found.
2024-03-05 09:26:43,922 - DEBUG - Setting dynamodb timeout as (60, 60)
2024-03-05 09:26:43,923 - DEBUG - Loading JSON file: G:\Src\Python\ECS\venv\Lib\site-packages\botocore\data\_retry.json
2024-03-05 09:26:43,923 - DEBUG - Registering retry handlers for service: dynamodb
2024-03-05 09:26:43,923 - DEBUG - Event before-parameter-build.dynamodb.UpdateItem: calling handler <function generate_idempotent_uuid at 0x0000021389357420>
2024-03-05 09:26:43,924 - DEBUG - Event before-parameter-build.dynamodb.UpdateItem: calling handler <function block_endpoint_discovery_required_operations at 0x00000213891B4400>
2024-03-05 09:26:43,924 - DEBUG - Calling endpoint provider with parameters: {'Region': 'us-east-1', 'UseDualStack': False, 'UseFIPS': False}
2024-03-05 09:26:43,924 - DEBUG - Endpoint provider result: https://dynamodb.us-east-1.amazonaws.com
2024-03-05 09:26:43,924 - DEBUG - Event before-call.dynamodb.UpdateItem: calling handler <function add_recursion_detection_header at 0x00000213893568E0>
2024-03-05 09:26:43,924 - DEBUG - Event before-call.dynamodb.UpdateItem: calling handler <function inject_api_version_header_if_needed at 0x000002138936CF40>
2024-03-05 09:26:43,925 - DEBUG - Making request for OperationModel(name=UpdateItem) with params: {'url_path': '/', 'query_string': '', 'method': 'POST', 'headers': {'X-Amz-Target': 'DynamoDB_20120810.UpdateItem', 'Content-Type': 'application/x-amz-json-1.0', 'User-Agent': 'Boto3/1.34.55 md/Botocore#1.34.55 ua/2.0 os/windows#11 md/arch#amd64 lang/python#3.12.0 md/pyimpl#CPython cfg/retry-mode#legacy Botocore/1.34.55'}, 'body': b'{"TableName": "userData", "Key": {"emailId": {"S": "banumathichandramohan1974@gmail.com"}, "mobileNumber": {"N": "9543830466"}}, "UpdateExpression": "SET #fname = :fn, #lname = :ln, #pwd = :pwd", "ExpressionAttributeNames": {"#fname": "firstName", "#lname": "secondName", "#pwd": "password"}, "ExpressionAttributeValues": {":fn": {"S": "Banumathi"}, ":ln": {"S": "Chandramohan"}, ":pwd": {"S": "a1c6178d042a61b723c9e44e12301b62708cb74947919f03d93d2bc70377d77b"}}, "ReturnValues": "UPDATED_NEW"}', 'url': 'https://dynamodb.us-east-1.amazonaws.com/', 'context': {'client_region': 'us-east-1', 'client_config': <botocore.config.Config object at 0x0000021388FB06B0>, 'has_streaming_input': False, 'auth_type': None}}
2024-03-05 09:26:43,925 - DEBUG - Event request-created.dynamodb.UpdateItem: calling handler <bound method RequestSigner.handler of <botocore.signers.RequestSigner object at 0x000002138A30EE40>>
2024-03-05 09:26:43,925 - DEBUG - Event choose-signer.dynamodb.UpdateItem: calling handler <function set_operation_specific_signer at 0x00000213893572E0>
2024-03-05 09:26:43,925 - DEBUG - Calculating signature using v4 auth.
2024-03-05 09:26:43,925 - DEBUG - CanonicalRequest:
POST
/

content-type:application/x-amz-json-1.0
host:dynamodb.us-east-1.amazonaws.com
x-amz-date:20240305T035643Z
x-amz-target:DynamoDB_20120810.UpdateItem

content-type;host;x-amz-date;x-amz-target
170e11e6bafa11dccbde352e27a54c452f8ce17dee1991a5618fca0216e2ff10
2024-03-05 09:26:43,925 - DEBUG - StringToSign:
AWS4-HMAC-SHA256
20240305T035643Z
20240305/us-east-1/dynamodb/aws4_request
67e99e01af09932d2f0d7b8909e590b90c95fc051739058967364ff0f63ab0a8
2024-03-05 09:26:43,925 - DEBUG - Signature:
1b4012201dad4b45835bdcf23dd94bc3a60b35da92b26ed3354db97ba25ca9b9
2024-03-05 09:26:43,925 - DEBUG - Event request-created.dynamodb.UpdateItem: calling handler <function add_retry_headers at 0x000002138936D6C0>
2024-03-05 09:26:43,926 - DEBUG - Sending http request: <AWSPreparedRequest stream_output=False, method=POST, url=https://dynamodb.us-east-1.amazonaws.com/, headers={'X-Amz-Target': b'DynamoDB_20120810.UpdateItem', 'Content-Type': b'application/x-amz-json-1.0', 'User-Agent': b'Boto3/1.34.55 md/Botocore#1.34.55 ua/2.0 os/windows#11 md/arch#amd64 lang/python#3.12.0 md/pyimpl#CPython cfg/retry-mode#legacy Botocore/1.34.55', 'X-Amz-Date': b'20240305T035643Z', 'Authorization': b'AWS4-HMAC-SHA256 Credential=AKIAQE7DLZMFQWIF6MFP/20240305/us-east-1/dynamodb/aws4_request, SignedHeaders=content-type;host;x-amz-date;x-amz-target, Signature=1b4012201dad4b45835bdcf23dd94bc3a60b35da92b26ed3354db97ba25ca9b9', 'amz-sdk-invocation-id': b'8f1f1a3d-de13-46bd-ac60-186db2baa5c8', 'amz-sdk-request': b'attempt=1', 'Content-Length': '494'}>
2024-03-05 09:26:43,926 - DEBUG - Certificate path: G:\Src\Python\ECS\venv\Lib\site-packages\botocore\cacert.pem
2024-03-05 09:26:43,926 - DEBUG - Starting new HTTPS connection (1): dynamodb.us-east-1.amazonaws.com:443
2024-03-05 09:26:44,919 - DEBUG - https://dynamodb.us-east-1.amazonaws.com:443 "POST / HTTP/1.1" 200 164
2024-03-05 09:26:44,919 - DEBUG - Response headers: {'Server': 'Server', 'Date': 'Tue, 05 Mar 2024 03:56:44 GMT', 'Content-Type': 'application/x-amz-json-1.0', 'Content-Length': '164', 'Connection': 'keep-alive', 'x-amzn-RequestId': 'VF8AF6Q5E25TS2A9MFVJF251N7VV4KQNSO5AEMVJF66Q9ASUAAJG', 'x-amz-crc32': '3276425735'}
2024-03-05 09:26:44,919 - DEBUG - Response body:
b'{"Attributes":{"password":{"S":"a1c6178d042a61b723c9e44e12301b62708cb74947919f03d93d2bc70377d77b"},"secondName":{"S":"Chandramohan"},"firstName":{"S":"Banumathi"}}}'
2024-03-05 09:26:44,920 - DEBUG - Event needs-retry.dynamodb.UpdateItem: calling handler <botocore.retryhandler.RetryHandler object at 0x000002138A30FAD0>
2024-03-05 09:26:44,920 - DEBUG - No retry needed.
