2024-03-04 12:06:05,213 - INFO - Validation Started
2024-03-04 12:06:05,213 - INFO - Validation Completed
2024-03-04 12:06:05,213 - INFO - Encryption Started
2024-03-04 12:06:05,213 - INFO - Encryption Completed
2024-03-04 12:06:05,213 - INFO - User created successfully:
2024-03-04 12:06:05,213 - INFO - {'first_name': 'kalyan', 'second_name': 'chandramohan', 'password': 'f932233bca12895dfc2855a829201fcede9c5e3ef3818407f5801e83a5277446', 'mobile_number': '9600234875', 'email_id': 'ragskalyan@gmail.com'}
2024-03-04 12:06:27,911 - INFO - Validation Started
2024-03-04 12:06:27,911 - ERROR - Password should contain a minimum of 12 characters
2024-03-04 12:06:27,912 - INFO - Password should contain a minimum of 12 characters
2024-03-04 12:06:27,912 - INFO - User created successfully:
2024-03-04 12:06:27,912 - INFO - {'first_name': 'kalyan', 'second_name': 'chandramohan', 'password': None, 'mobile_number': '9600234875', 'email_id': 'ragskalyan@gmail.com'}
2024-03-04 12:08:22,791 - INFO - Validation Started
2024-03-04 12:08:22,791 - ERROR - Password should contain a minimum of 12 characters
2024-03-04 12:08:22,791 - INFO - Password should contain a minimum of 12 characters
2024-03-04 12:08:22,791 - INFO - User created successfully:
2024-03-04 12:08:22,791 - INFO - {'first_name': 'kalyan', 'second_name': 'chandramohan', 'password': None, 'mobile_number': '9600234875', 'email_id': 'ragskalyan@gmail.com'}
2024-03-04 12:09:19,326 - INFO - Validation Started
2024-03-04 12:09:19,326 - ERROR - Password should contain a minimum of 12 characters
2024-03-04 12:09:19,326 - INFO - Password should contain a minimum of 12 characters
2024-03-04 12:09:39,020 - INFO - Validation Started
2024-03-04 12:09:39,021 - ERROR - Password should contain a minimum of 12 characters
2024-03-04 12:09:39,021 - INFO - Password should contain a minimum of 12 characters
2024-03-04 12:10:57,976 - INFO - Validation Started
2024-03-04 12:10:57,976 - ERROR - Password should contain a minimum of 12 characters
2024-03-04 12:10:57,976 - INFO - Password should contain a minimum of 12 characters
2024-03-04 12:12:14,097 - INFO - Validation Started
2024-03-04 12:12:14,097 - ERROR - Password should contain a minimum of 12 characters
2024-03-04 12:12:14,097 - INFO - Password should contain a minimum of 12 characters
2024-03-04 12:14:25,558 - INFO - Validation Started
2024-03-04 12:14:25,558 - ERROR - Password should contain a minimum of 12 characters
2024-03-04 12:14:25,558 - INFO - Password should contain a minimum of 12 characters
2024-03-04 12:14:25,558 - ERROR - Password does not meet with the policy
2024-03-04 12:15:11,818 - INFO - Validation Started
2024-03-04 12:15:11,818 - ERROR - Password should contain a minimum of 12 characters
2024-03-04 12:15:11,818 - INFO - Password should contain a minimum of 12 characters
2024-03-04 12:15:11,818 - ERROR - Password does not meet with the policy
2024-03-04 12:15:11,818 - ERROR - Password does not meet with the policy
2024-03-04 12:16:28,779 - INFO - Validation Started
2024-03-04 12:16:28,779 - ERROR - Password should contain a minimum of 12 characters
2024-03-04 12:16:28,779 - INFO - Password should contain a minimum of 12 characters
2024-03-04 12:16:28,779 - ERROR - Password does not meet with the policy
2024-03-04 12:16:28,779 - ERROR - Password does not meet with the policy
2024-03-04 12:18:08,702 - INFO - Validation Started
2024-03-04 12:18:08,702 - ERROR - Password should contain a minimum of 12 characters
2024-03-04 12:18:08,702 - INFO - Password should contain a minimum of 12 characters
2024-03-04 12:18:08,702 - ERROR - Password does not meet with the policy
2024-03-04 12:18:08,702 - ERROR - Password does not meet with the policy
2024-03-04 12:19:17,398 - INFO - Validation Started
2024-03-04 12:19:17,398 - ERROR - Password should contain a minimum of 12 characters
2024-03-04 12:19:17,398 - INFO - Password should contain a minimum of 12 characters
2024-03-04 12:19:17,398 - ERROR - Password does not meet with the policy
2024-03-04 12:19:17,398 - ERROR - Password does not meet with the policy
2024-03-04 12:20:26,186 - INFO - Validation Started
2024-03-04 12:20:26,187 - ERROR - Password should contain a minimum of 12 characters
2024-03-04 12:20:26,187 - ERROR - Password should contain a minimum of 12 characters
2024-03-04 12:20:26,187 - ERROR - Password does not meet with the policy
2024-03-04 12:20:26,187 - ERROR - Password does not meet with the policy
2024-03-04 12:21:30,864 - INFO - Validation Started
2024-03-04 12:21:30,864 - ERROR - Password should contain a minimum of 12 characters
2024-03-04 12:21:30,864 - ERROR - Password should contain a minimum of 12 characters
2024-03-04 12:21:30,864 - ERROR - Password does not meet with the policy
2024-03-04 12:21:30,864 - ERROR - Password does not meet with the policy
2024-03-04 12:22:14,167 - INFO - Validation Started
2024-03-04 12:22:14,168 - ERROR - Password should contain a minimum of 12 characters
2024-03-04 12:22:14,168 - ERROR - Password should contain a minimum of 12 characters
2024-03-04 12:22:14,168 - ERROR - Password does not meet with the policy
2024-03-04 12:22:14,168 - ERROR - Password does not meet with the policy
2024-03-04 12:23:31,930 - INFO - Validation Started
2024-03-04 12:23:31,930 - INFO - Validation Completed
2024-03-04 12:23:31,930 - INFO - Encryption Started
2024-03-04 12:23:31,930 - INFO - Encryption Completed
2024-03-04 12:23:31,930 - INFO - User created successfully:
2024-03-04 12:23:31,930 - INFO - {'first_name': 'kalyan', 'second_name': 'chandramohan', 'password': '922b79292563087166e3b01b35a14b71bbe92147449d087c9f84f60a40edde5b', 'mobile_number': '9600234875', 'email_id': 'ragskalyan@gmail.com'}
2024-03-04 12:24:32,532 - INFO - Validation Started
2024-03-04 12:24:32,532 - INFO - Validation Completed
2024-03-04 12:24:32,532 - INFO - Encryption Started
2024-03-04 12:24:32,532 - INFO - Encryption Completed
2024-03-04 12:24:32,532 - INFO - User created successfully:
2024-03-04 12:24:32,532 - INFO - {'first_name': 'kalyan', 'second_name': 'chandramohan', 'password': '922b79292563087166e3b01b35a14b71bbe92147449d087c9f84f60a40edde5b', 'mobile_number': '9600234875', 'email_id': 'ragskalyan@gmail.com'}
2024-03-04 12:24:49,750 - INFO - Validation Started
2024-03-04 12:24:49,750 - ERROR - Password should contain a minimum of 12 characters
2024-03-04 12:24:49,750 - ERROR - Password should contain a minimum of 12 characters
2024-03-04 12:24:49,750 - ERROR - Password does not meet with the policy
2024-03-04 12:24:49,750 - ERROR - Password does not meet with the policy
